[debug] [2022-01-01T23:05:56.906Z] ----------------------------------------------------------------------
[debug] [2022-01-01T23:05:56.908Z] Command:       C:\Program Files\nodejs\node.exe C:\Users\wower\AppData\Roaming\npm\node_modules\firebase-tools\lib\bin\firebase.js init
[debug] [2022-01-01T23:05:56.908Z] CLI Version:   10.0.1
[debug] [2022-01-01T23:05:56.909Z] Platform:      win32
[debug] [2022-01-01T23:05:56.909Z] Node Version:  v16.13.1
[debug] [2022-01-01T23:05:56.910Z] Time:          Sat Jan 01 2022 23:05:56 GMT+0000 (Greenwich Mean Time)
[debug] [2022-01-01T23:05:56.910Z] ----------------------------------------------------------------------
[debug] 
[debug] [2022-01-01T23:05:56.912Z] >>> [apiv2][query] GET https://firebase-public.firebaseio.com/cli.json [none]
[debug] [2022-01-01T23:05:56.931Z] > command requires scopes: ["email","openid","https://www.googleapis.com/auth/cloudplatformprojects.readonly","https://www.googleapis.com/auth/firebase","https://www.googleapis.com/auth/cloud-platform"]
[debug] [2022-01-01T23:05:56.931Z] > authorizing via signed-in user (wowermalwina@gmail.com)
[info] 
     ######## #### ########  ######## ########     ###     ######  ########
     ##        ##  ##     ## ##       ##     ##  ##   ##  ##       ##
     ######    ##  ########  ######   ########  #########  ######  ######
     ##        ##  ##    ##  ##       ##     ## ##     ##       ## ##
     ##       #### ##     ## ######## ########  ##     ##  ######  ########

You're about to initialize a Firebase project in this directory:

  C:\Users\wower\development\react\netflix-clone

[debug] [2022-01-01T23:05:59.435Z] <<< [apiv2][status] GET https://firebase-public.firebaseio.com/cli.json 200
[debug] [2022-01-01T23:05:59.436Z] <<< [apiv2][body] GET https://firebase-public.firebaseio.com/cli.json {"cloudBuildErrorAfter":1594252800000,"cloudBuildWarnAfter":1590019200000,"defaultNode10After":1594252800000,"minVersion":"3.0.5","node8DeploysDisabledAfter":1613390400000,"node8RuntimeDisabledAfter":1615809600000,"node8WarnAfter":1600128000000}
